<?xml version="1.0" encoding="UTF-8"?>
<testsuite name="br.com.actionlabs.carboncalc.CarbonCalculatorApplicationTests" tests="1" skipped="0" failures="1" errors="0" timestamp="2025-01-04T23:25:48" hostname="ANDRE-R5" time="0.42">
  <properties/>
  <testcase name="testCalculateTransportationEmissionInvalidTransportation()" classname="br.com.actionlabs.carboncalc.CarbonCalculatorApplicationTests" time="0.42">
    <failure message="org.opentest4j.AssertionFailedError: Unexpected exception type thrown, expected: &lt;java.lang.IllegalArgumentException&gt; but was: &lt;java.lang.NullPointerException&gt;" type="org.opentest4j.AssertionFailedError">org.opentest4j.AssertionFailedError: Unexpected exception type thrown, expected: &lt;java.lang.IllegalArgumentException&gt; but was: &lt;java.lang.NullPointerException&gt;
	at app//org.junit.jupiter.api.AssertionFailureBuilder.build(AssertionFailureBuilder.java:151)
	at app//org.junit.jupiter.api.AssertThrows.assertThrows(AssertThrows.java:67)
	at app//org.junit.jupiter.api.AssertThrows.assertThrows(AssertThrows.java:35)
	at app//org.junit.jupiter.api.Assertions.assertThrows(Assertions.java:3115)
	at app//br.com.actionlabs.carboncalc.CarbonCalculatorApplicationTests.testCalculateTransportationEmissionInvalidTransportation(CarbonCalculatorApplicationTests.java:120)
	at java.base@17.0.8/java.lang.reflect.Method.invoke(Method.java:568)
	at java.base@17.0.8/java.util.ArrayList.forEach(ArrayList.java:1511)
	at java.base@17.0.8/java.util.ArrayList.forEach(ArrayList.java:1511)
Caused by: java.lang.NullPointerException: element cannot be mapped to a null key
	at java.base/java.util.Objects.requireNonNull(Objects.java:233)
	at java.base/java.util.stream.Collectors.lambda$groupingBy$53(Collectors.java:1142)
	at java.base/java.util.stream.ReduceOps$3ReducingSink.accept(ReduceOps.java:169)
	at java.base/java.util.AbstractList$RandomAccessSpliterator.forEachRemaining(AbstractList.java:720)
	at java.base/java.util.stream.AbstractPipeline.copyInto(AbstractPipeline.java:509)
	at java.base/java.util.stream.AbstractPipeline.wrapAndCopyInto(AbstractPipeline.java:499)
	at java.base/java.util.stream.ReduceOps$ReduceOp.evaluateSequential(ReduceOps.java:921)
	at java.base/java.util.stream.AbstractPipeline.evaluate(AbstractPipeline.java:234)
	at java.base/java.util.stream.ReferencePipeline.collect(ReferencePipeline.java:682)
	at br.com.actionlabs.carboncalc.service.CalculationService.calculateTransportationEmission(CalculationService.java:39)
	at br.com.actionlabs.carboncalc.CarbonCalculatorApplicationTests.lambda$testCalculateTransportationEmissionInvalidTransportation$3(CarbonCalculatorApplicationTests.java:120)
	at org.junit.jupiter.api.AssertThrows.assertThrows(AssertThrows.java:53)
	... 6 more
</failure>
  </testcase>
  <system-out><![CDATA[20:25:46.617 [Test worker] INFO org.springframework.test.context.support.AnnotationConfigContextLoaderUtils -- Could not detect default configuration classes for test class [br.com.actionlabs.carboncalc.CarbonCalculatorApplicationTests]: CarbonCalculatorApplicationTests does not declare any static, non-private, non-final, nested classes annotated with @Configuration.
20:25:46.664 [Test worker] INFO org.springframework.boot.test.context.SpringBootTestContextBootstrapper -- Found @SpringBootConfiguration br.com.actionlabs.carboncalc.CarbonCalculatorApplication for test class br.com.actionlabs.carboncalc.CarbonCalculatorApplicationTests

  .   ____          _            __ _ _
 /\\ / ___'_ __ _ _(_)_ __  __ _ \ \ \ \
( ( )\___ | '_ | '_| | '_ \/ _` | \ \ \ \
 \\/  ___)| |_)| | | | | || (_| |  ) ) ) )
  '  |____| .__|_| |_|_| |_\__, | / / / /
 =========|_|==============|___/=/_/_/_/

 :: Spring Boot ::                (v3.3.4)

2025-01-04T20:25:46.892-03:00  INFO 4756 --- [al-carbon-calculator] [    Test worker] b.c.a.c.CarbonCalculatorApplicationTests : Starting CarbonCalculatorApplicationTests using Java 17.0.8 with PID 4756 (started by Andre-Local in C:\Users\T-GAMER\IdeaProjects\CarbonCalc_ActionLabs)
2025-01-04T20:25:46.892-03:00  INFO 4756 --- [al-carbon-calculator] [    Test worker] b.c.a.c.CarbonCalculatorApplicationTests : The following 1 profile is active: "development"
2025-01-04T20:25:47.292-03:00  INFO 4756 --- [al-carbon-calculator] [    Test worker] .s.d.r.c.RepositoryConfigurationDelegate : Bootstrapping Spring Data MongoDB repositories in DEFAULT mode.
2025-01-04T20:25:47.325-03:00  INFO 4756 --- [al-carbon-calculator] [    Test worker] .s.d.r.c.RepositoryConfigurationDelegate : Finished Spring Data repository scanning in 31 ms. Found 4 MongoDB repository interfaces.
2025-01-04T20:25:47.605-03:00  INFO 4756 --- [al-carbon-calculator] [    Test worker] org.mongodb.driver.client                : MongoClient with metadata {"driver": {"name": "mongo-java-driver|sync|spring-boot", "version": "5.0.1"}, "os": {"type": "Windows", "name": "Windows 11", "architecture": "amd64", "version": "10.0"}, "platform": "Java/Oracle Corporation/17.0.8+9-LTS-211"} created with settings MongoClientSettings{readPreference=primary, writeConcern=WriteConcern{w=null, wTimeout=null ms, journal=null}, retryWrites=true, retryReads=true, readConcern=ReadConcern{level=null}, credential=null, transportSettings=null, commandListeners=[], codecRegistry=ProvidersCodecRegistry{codecProviders=[ValueCodecProvider{}, BsonValueCodecProvider{}, DBRefCodecProvider{}, DBObjectCodecProvider{}, DocumentCodecProvider{}, CollectionCodecProvider{}, IterableCodecProvider{}, MapCodecProvider{}, GeoJsonCodecProvider{}, GridFSFileCodecProvider{}, Jsr310CodecProvider{}, JsonObjectCodecProvider{}, BsonCodecProvider{}, EnumCodecProvider{}, com.mongodb.client.model.mql.ExpressionCodecProvider@1693ff90, com.mongodb.Jep395RecordCodecProvider@47058864, com.mongodb.KotlinCodecProvider@ad3f70a]}, loggerSettings=LoggerSettings{maxDocumentLength=1000}, clusterSettings={hosts=[localhost:27017], srvServiceName=mongodb, mode=SINGLE, requiredClusterType=UNKNOWN, requiredReplicaSetName='null', serverSelector='null', clusterListeners='[]', serverSelectionTimeout='30000 ms', localThreshold='15 ms'}, socketSettings=SocketSettings{connectTimeoutMS=10000, readTimeoutMS=0, receiveBufferSize=0, proxySettings=ProxySettings{host=null, port=null, username=null, password=null}}, heartbeatSocketSettings=SocketSettings{connectTimeoutMS=10000, readTimeoutMS=10000, receiveBufferSize=0, proxySettings=ProxySettings{host=null, port=null, username=null, password=null}}, connectionPoolSettings=ConnectionPoolSettings{maxSize=100, minSize=0, maxWaitTimeMS=120000, maxConnectionLifeTimeMS=0, maxConnectionIdleTimeMS=0, maintenanceInitialDelayMS=0, maintenanceFrequencyMS=60000, connectionPoolListeners=[], maxConnecting=2}, serverSettings=ServerSettings{heartbeatFrequencyMS=10000, minHeartbeatFrequencyMS=500, serverListeners='[]', serverMonitorListeners='[]'}, sslSettings=SslSettings{enabled=false, invalidHostNameAllowed=false, context=null}, applicationName='null', compressorList=[], uuidRepresentation=JAVA_LEGACY, serverApi=null, autoEncryptionSettings=null, dnsClient=null, inetAddressResolver=null, contextProvider=null}
2025-01-04T20:25:47.614-03:00  INFO 4756 --- [al-carbon-calculator] [localhost:27017] org.mongodb.driver.cluster               : Monitor thread successfully connected to server with description ServerDescription{address=localhost:27017, type=STANDALONE, state=CONNECTED, ok=true, minWireVersion=0, maxWireVersion=25, maxDocumentSize=16777216, logicalSessionTimeoutMinutes=30, roundTripTimeNanos=12394300}
2025-01-04T20:25:47.866-03:00  WARN 4756 --- [al-carbon-calculator] [    Test worker] .s.s.UserDetailsServiceAutoConfiguration : 

Using generated security password: c630bee4-630a-4e52-a0ad-6cc59133149f

This generated password is for development use only. Your security configuration must be updated before running your application in production.

2025-01-04T20:25:47.867-03:00  INFO 4756 --- [al-carbon-calculator] [    Test worker] r$InitializeUserDetailsManagerConfigurer : Global AuthenticationManager configured with UserDetailsService bean with name inMemoryUserDetailsManager
2025-01-04T20:25:48.214-03:00  INFO 4756 --- [al-carbon-calculator] [    Test worker] b.c.a.c.CarbonCalculatorApplicationTests : Started CarbonCalculatorApplicationTests in 1.455 seconds (process running for 2.079)
]]></system-out>
  <system-err><![CDATA[]]></system-err>
</testsuite>
